The system is: Linux - 3.10.0-1160.80.1.el7.x86_64 - x86_64
Compiling the CXX compiler identification source file "CMakeCXXCompilerId.cpp" succeeded.
Compiler: /cvmfs/sft.cern.ch/lcg/releases/gcc/11.2.0-8a51a/x86_64-centos7/bin/g++ 
Build flags: 
Id flags:  

The output was:
0


Compilation of the CXX compiler identification source "CMakeCXXCompilerId.cpp" produced "a.out"

The CXX compiler identification is GNU, found in "/home/patoc/work/DPhil1/D0_Mixing_Generator_Studies/for_jairus/D02pipipipi_binning_scheme/build/CMakeFiles/3.20.0/CompilerIdCXX/a.out"

Detecting CXX compiler ABI info compiled with the following output:
Change Dir: /home/patoc/work/DPhil1/D0_Mixing_Generator_Studies/for_jairus/D02pipipipi_binning_scheme/build/CMakeFiles/CMakeTmp

Run Build Command(s):/usr/bin/gmake -f Makefile cmTC_a23aa/fast && /usr/bin/gmake  -f CMakeFiles/cmTC_a23aa.dir/build.make CMakeFiles/cmTC_a23aa.dir/build
gmake[1]: Entering directory `/home/patoc/work/DPhil1/D0_Mixing_Generator_Studies/for_jairus/D02pipipipi_binning_scheme/build/CMakeFiles/CMakeTmp'
Building CXX object CMakeFiles/cmTC_a23aa.dir/CMakeCXXCompilerABI.cpp.o
/cvmfs/sft.cern.ch/lcg/releases/gcc/11.2.0-8a51a/x86_64-centos7/bin/g++   -v -o CMakeFiles/cmTC_a23aa.dir/CMakeCXXCompilerABI.cpp.o -c /cvmfs/sft.cern.ch/lcg/releases/CMake/3.20.0-790a8/x86_64-centos7-gcc11-opt/share/cmake-3.20/Modules/CMakeCXXCompilerABI.cpp
Using built-in specs.
COLLECT_GCC=/cvmfs/sft.cern.ch/lcg/releases/gcc/11.2.0-8a51a/x86_64-centos7/bin/g++
Target: x86_64-pc-linux-gnu
Configured with: /workspace/build/contrib/gcc-11.2.0/src/gcc/11.2.0/configure --prefix=/workspace/lcgcmake-install/gcc/11.2.0/x86_64-centos7 --disable-nls --with-system-zlib --disable-multilib --enable-languages=all --with-gnu-ld --with-gnu-as --enable-__cxa_atexit --disable-libunwind-exceptions --enable-gnu-unique-object --enable-plugin --with-linker-hash-style=gnu --enable-linker-build-id --enable-libstdcxx-time=rt --enable-shared --disable-libgcj
Thread model: posix
Supported LTO compression algorithms: zlib
gcc version 11.2.0 (GCC) 
COLLECT_GCC_OPTIONS='-v' '-o' 'CMakeFiles/cmTC_a23aa.dir/CMakeCXXCompilerABI.cpp.o' '-c' '-shared-libgcc' '-mtune=generic' '-march=x86-64' '-dumpdir' 'CMakeFiles/cmTC_a23aa.dir/'
 /cvmfs/sft.cern.ch/lcg/releases/gcc/11.2.0-8a51a/x86_64-centos7/bin/../libexec/gcc/x86_64-pc-linux-gnu/11.2.0/cc1plus -quiet -v -iprefix /cvmfs/sft.cern.ch/lcg/releases/gcc/11.2.0-8a51a/x86_64-centos7/bin/../lib/gcc/x86_64-pc-linux-gnu/11.2.0/ -isystem /cvmfs/sft.cern.ch/lcg/releases/gcc/11.2.0-8a51a/x86_64-centos7/include -D_GNU_SOURCE /cvmfs/sft.cern.ch/lcg/releases/CMake/3.20.0-790a8/x86_64-centos7-gcc11-opt/share/cmake-3.20/Modules/CMakeCXXCompilerABI.cpp -quiet -dumpdir CMakeFiles/cmTC_a23aa.dir/ -dumpbase CMakeCXXCompilerABI.cpp.cpp -dumpbase-ext .cpp -mtune=generic -march=x86-64 -version -o /tmp/ccAUFtGG.s
GNU C++17 (GCC) version 11.2.0 (x86_64-pc-linux-gnu)
	compiled by GNU C version 11.2.0, GMP version 6.1.0, MPFR version 3.1.6, MPC version 1.0.3, isl version isl-0.18-GMP

GGC heuristics: --param ggc-min-expand=100 --param ggc-min-heapsize=131072
ignoring duplicate directory "/cvmfs/sft.cern.ch/lcg/views/LCG_102/x86_64-centos7-gcc11-opt/include"
ignoring nonexistent directory "/cvmfs/sft.cern.ch/lcg/releases/gcc/11.2.0-8a51a/x86_64-centos7/bin/../lib/gcc/x86_64-pc-linux-gnu/11.2.0/../../../../x86_64-pc-linux-gnu/include"
ignoring duplicate directory "/cvmfs/sft.cern.ch/lcg/releases/gcc/11.2.0-8a51a/x86_64-centos7/bin/../lib/gcc/../../lib/gcc/x86_64-pc-linux-gnu/11.2.0/../../../../include/c++/11.2.0"
ignoring duplicate directory "/cvmfs/sft.cern.ch/lcg/releases/gcc/11.2.0-8a51a/x86_64-centos7/bin/../lib/gcc/../../lib/gcc/x86_64-pc-linux-gnu/11.2.0/../../../../include/c++/11.2.0/x86_64-pc-linux-gnu"
ignoring duplicate directory "/cvmfs/sft.cern.ch/lcg/releases/gcc/11.2.0-8a51a/x86_64-centos7/bin/../lib/gcc/../../lib/gcc/x86_64-pc-linux-gnu/11.2.0/../../../../include/c++/11.2.0/backward"
ignoring duplicate directory "/cvmfs/sft.cern.ch/lcg/releases/gcc/11.2.0-8a51a/x86_64-centos7/bin/../lib/gcc/../../lib/gcc/x86_64-pc-linux-gnu/11.2.0/include"
ignoring duplicate directory "/cvmfs/sft.cern.ch/lcg/releases/gcc/11.2.0-8a51a/x86_64-centos7/bin/../lib/gcc/../../include"
ignoring duplicate directory "/cvmfs/sft.cern.ch/lcg/releases/gcc/11.2.0-8a51a/x86_64-centos7/bin/../lib/gcc/../../lib/gcc/x86_64-pc-linux-gnu/11.2.0/include-fixed"
ignoring nonexistent directory "/cvmfs/sft.cern.ch/lcg/releases/gcc/11.2.0-8a51a/x86_64-centos7/bin/../lib/gcc/../../lib/gcc/x86_64-pc-linux-gnu/11.2.0/../../../../x86_64-pc-linux-gnu/include"
#include "..." search starts here:
#include <...> search starts here:
 /cvmfs/sft.cern.ch/lcg/releases/gcc/11.2.0-8a51a/x86_64-centos7/include
 /cvmfs/sft.cern.ch/lcg/views/LCG_102/x86_64-centos7-gcc11-opt/include
 /cvmfs/sft.cern.ch/lcg/releases/gcc/11.2.0-8a51a/x86_64-centos7/bin/../lib/gcc/x86_64-pc-linux-gnu/11.2.0/../../../../include/c++/11.2.0
 /cvmfs/sft.cern.ch/lcg/releases/gcc/11.2.0-8a51a/x86_64-centos7/bin/../lib/gcc/x86_64-pc-linux-gnu/11.2.0/../../../../include/c++/11.2.0/x86_64-pc-linux-gnu
 /cvmfs/sft.cern.ch/lcg/releases/gcc/11.2.0-8a51a/x86_64-centos7/bin/../lib/gcc/x86_64-pc-linux-gnu/11.2.0/../../../../include/c++/11.2.0/backward
 /cvmfs/sft.cern.ch/lcg/releases/gcc/11.2.0-8a51a/x86_64-centos7/bin/../lib/gcc/x86_64-pc-linux-gnu/11.2.0/include
 /cvmfs/sft.cern.ch/lcg/releases/gcc/11.2.0-8a51a/x86_64-centos7/bin/../lib/gcc/x86_64-pc-linux-gnu/11.2.0/include-fixed
 /usr/local/include
 /usr/include
End of search list.
GNU C++17 (GCC) version 11.2.0 (x86_64-pc-linux-gnu)
	compiled by GNU C version 11.2.0, GMP version 6.1.0, MPFR version 3.1.6, MPC version 1.0.3, isl version isl-0.18-GMP

GGC heuristics: --param ggc-min-expand=100 --param ggc-min-heapsize=131072
Compiler executable checksum: 4216919822378ec9854dce7e8c6d63c2
COLLECT_GCC_OPTIONS='-v' '-o' 'CMakeFiles/cmTC_a23aa.dir/CMakeCXXCompilerABI.cpp.o' '-c' '-shared-libgcc' '-mtune=generic' '-march=x86-64' '-dumpdir' 'CMakeFiles/cmTC_a23aa.dir/'
 as -v --64 -o CMakeFiles/cmTC_a23aa.dir/CMakeCXXCompilerABI.cpp.o /tmp/ccAUFtGG.s
GNU assembler version 2.37 (x86_64-pc-linux-gnu) using BFD version (GNU Binutils) 2.37
COMPILER_PATH=/cvmfs/sft.cern.ch/lcg/releases/gcc/11.2.0-8a51a/x86_64-centos7/bin/../libexec/gcc/x86_64-pc-linux-gnu/11.2.0/:/cvmfs/sft.cern.ch/lcg/releases/gcc/11.2.0-8a51a/x86_64-centos7/bin/../libexec/gcc/:/cvmfs/sft.cern.ch/lcg/releases/gcc/11.2.0-8a51a/x86_64-centos7/
LIBRARY_PATH=/cvmfs/sft.cern.ch/lcg/releases/gcc/11.2.0-8a51a/x86_64-centos7/bin/../lib/gcc/x86_64-pc-linux-gnu/11.2.0/:/cvmfs/sft.cern.ch/lcg/releases/gcc/11.2.0-8a51a/x86_64-centos7/bin/../lib/gcc/:/cvmfs/sft.cern.ch/lcg/releases/gcc/11.2.0-8a51a/x86_64-centos7/bin/../lib/gcc/x86_64-pc-linux-gnu/11.2.0/../../../../lib64/:/lib/../lib64/:/usr/lib/../lib64/:/cvmfs/sft.cern.ch/lcg/releases/gcc/11.2.0-8a51a/x86_64-centos7/bin/../lib/gcc/x86_64-pc-linux-gnu/11.2.0/../../../:/lib/:/usr/lib/
COLLECT_GCC_OPTIONS='-v' '-o' 'CMakeFiles/cmTC_a23aa.dir/CMakeCXXCompilerABI.cpp.o' '-c' '-shared-libgcc' '-mtune=generic' '-march=x86-64' '-dumpdir' 'CMakeFiles/cmTC_a23aa.dir/CMakeCXXCompilerABI.cpp.'
Linking CXX executable cmTC_a23aa
/cvmfs/sft.cern.ch/lcg/releases/CMake/3.20.0-790a8/x86_64-centos7-gcc11-opt/bin/cmake -E cmake_link_script CMakeFiles/cmTC_a23aa.dir/link.txt --verbose=1
/cvmfs/sft.cern.ch/lcg/releases/gcc/11.2.0-8a51a/x86_64-centos7/bin/g++  -v CMakeFiles/cmTC_a23aa.dir/CMakeCXXCompilerABI.cpp.o -o cmTC_a23aa 
Using built-in specs.
COLLECT_GCC=/cvmfs/sft.cern.ch/lcg/releases/gcc/11.2.0-8a51a/x86_64-centos7/bin/g++
COLLECT_LTO_WRAPPER=/cvmfs/sft.cern.ch/lcg/releases/gcc/11.2.0-8a51a/x86_64-centos7/bin/../libexec/gcc/x86_64-pc-linux-gnu/11.2.0/lto-wrapper
Target: x86_64-pc-linux-gnu
Configured with: /workspace/build/contrib/gcc-11.2.0/src/gcc/11.2.0/configure --prefix=/workspace/lcgcmake-install/gcc/11.2.0/x86_64-centos7 --disable-nls --with-system-zlib --disable-multilib --enable-languages=all --with-gnu-ld --with-gnu-as --enable-__cxa_atexit --disable-libunwind-exceptions --enable-gnu-unique-object --enable-plugin --with-linker-hash-style=gnu --enable-linker-build-id --enable-libstdcxx-time=rt --enable-shared --disable-libgcj
Thread model: posix
Supported LTO compression algorithms: zlib
gcc version 11.2.0 (GCC) 
COMPILER_PATH=/cvmfs/sft.cern.ch/lcg/releases/gcc/11.2.0-8a51a/x86_64-centos7/bin/../libexec/gcc/x86_64-pc-linux-gnu/11.2.0/:/cvmfs/sft.cern.ch/lcg/releases/gcc/11.2.0-8a51a/x86_64-centos7/bin/../libexec/gcc/:/cvmfs/sft.cern.ch/lcg/releases/gcc/11.2.0-8a51a/x86_64-centos7/
LIBRARY_PATH=/cvmfs/sft.cern.ch/lcg/releases/gcc/11.2.0-8a51a/x86_64-centos7/bin/../lib/gcc/x86_64-pc-linux-gnu/11.2.0/:/cvmfs/sft.cern.ch/lcg/releases/gcc/11.2.0-8a51a/x86_64-centos7/bin/../lib/gcc/:/cvmfs/sft.cern.ch/lcg/releases/gcc/11.2.0-8a51a/x86_64-centos7/bin/../lib/gcc/x86_64-pc-linux-gnu/11.2.0/../../../../lib64/:/lib/../lib64/:/usr/lib/../lib64/:/cvmfs/sft.cern.ch/lcg/releases/gcc/11.2.0-8a51a/x86_64-centos7/bin/../lib/gcc/x86_64-pc-linux-gnu/11.2.0/../../../:/lib/:/usr/lib/
COLLECT_GCC_OPTIONS='-v' '-o' 'cmTC_a23aa' '-shared-libgcc' '-mtune=generic' '-march=x86-64' '-dumpdir' 'cmTC_a23aa.'
 /cvmfs/sft.cern.ch/lcg/releases/gcc/11.2.0-8a51a/x86_64-centos7/bin/../libexec/gcc/x86_64-pc-linux-gnu/11.2.0/collect2 -plugin /cvmfs/sft.cern.ch/lcg/releases/gcc/11.2.0-8a51a/x86_64-centos7/bin/../libexec/gcc/x86_64-pc-linux-gnu/11.2.0/liblto_plugin.so -plugin-opt=/cvmfs/sft.cern.ch/lcg/releases/gcc/11.2.0-8a51a/x86_64-centos7/bin/../libexec/gcc/x86_64-pc-linux-gnu/11.2.0/lto-wrapper -plugin-opt=-fresolution=/tmp/ccVqSrsT.res -plugin-opt=-pass-through=-lgcc_s -plugin-opt=-pass-through=-lgcc -plugin-opt=-pass-through=-lc -plugin-opt=-pass-through=-lgcc_s -plugin-opt=-pass-through=-lgcc --build-id --eh-frame-hdr --hash-style=gnu -m elf_x86_64 -dynamic-linker /lib64/ld-linux-x86-64.so.2 -o cmTC_a23aa /lib/../lib64/crt1.o /lib/../lib64/crti.o /cvmfs/sft.cern.ch/lcg/releases/gcc/11.2.0-8a51a/x86_64-centos7/bin/../lib/gcc/x86_64-pc-linux-gnu/11.2.0/crtbegin.o -L/cvmfs/sft.cern.ch/lcg/releases/gcc/11.2.0-8a51a/x86_64-centos7/bin/../lib/gcc/x86_64-pc-linux-gnu/11.2.0 -L/cvmfs/sft.cern.ch/lcg/releases/gcc/11.2.0-8a51a/x86_64-centos7/bin/../lib/gcc -L/cvmfs/sft.cern.ch/lcg/releases/gcc/11.2.0-8a51a/x86_64-centos7/bin/../lib/gcc/x86_64-pc-linux-gnu/11.2.0/../../../../lib64 -L/lib/../lib64 -L/usr/lib/../lib64 -L/cvmfs/sft.cern.ch/lcg/releases/gcc/11.2.0-8a51a/x86_64-centos7/bin/../lib/gcc/x86_64-pc-linux-gnu/11.2.0/../../.. CMakeFiles/cmTC_a23aa.dir/CMakeCXXCompilerABI.cpp.o -lstdc++ -lm -lgcc_s -lgcc -lc -lgcc_s -lgcc /cvmfs/sft.cern.ch/lcg/releases/gcc/11.2.0-8a51a/x86_64-centos7/bin/../lib/gcc/x86_64-pc-linux-gnu/11.2.0/crtend.o /lib/../lib64/crtn.o
COLLECT_GCC_OPTIONS='-v' '-o' 'cmTC_a23aa' '-shared-libgcc' '-mtune=generic' '-march=x86-64' '-dumpdir' 'cmTC_a23aa.'
gmake[1]: Leaving directory `/home/patoc/work/DPhil1/D0_Mixing_Generator_Studies/for_jairus/D02pipipipi_binning_scheme/build/CMakeFiles/CMakeTmp'



Parsed CXX implicit include dir info from above output: rv=done
  found start of include info
  found start of implicit include info
    add: [/cvmfs/sft.cern.ch/lcg/releases/gcc/11.2.0-8a51a/x86_64-centos7/include]
    add: [/cvmfs/sft.cern.ch/lcg/views/LCG_102/x86_64-centos7-gcc11-opt/include]
    add: [/cvmfs/sft.cern.ch/lcg/releases/gcc/11.2.0-8a51a/x86_64-centos7/bin/../lib/gcc/x86_64-pc-linux-gnu/11.2.0/../../../../include/c++/11.2.0]
    add: [/cvmfs/sft.cern.ch/lcg/releases/gcc/11.2.0-8a51a/x86_64-centos7/bin/../lib/gcc/x86_64-pc-linux-gnu/11.2.0/../../../../include/c++/11.2.0/x86_64-pc-linux-gnu]
    add: [/cvmfs/sft.cern.ch/lcg/releases/gcc/11.2.0-8a51a/x86_64-centos7/bin/../lib/gcc/x86_64-pc-linux-gnu/11.2.0/../../../../include/c++/11.2.0/backward]
    add: [/cvmfs/sft.cern.ch/lcg/releases/gcc/11.2.0-8a51a/x86_64-centos7/bin/../lib/gcc/x86_64-pc-linux-gnu/11.2.0/include]
    add: [/cvmfs/sft.cern.ch/lcg/releases/gcc/11.2.0-8a51a/x86_64-centos7/bin/../lib/gcc/x86_64-pc-linux-gnu/11.2.0/include-fixed]
    add: [/usr/local/include]
    add: [/usr/include]
  end of search list found
  collapse include dir [/cvmfs/sft.cern.ch/lcg/releases/gcc/11.2.0-8a51a/x86_64-centos7/include] ==> [/cvmfs/sft.cern.ch/lcg/releases/gcc/11.2.0-8a51a/x86_64-centos7/include]
  collapse include dir [/cvmfs/sft.cern.ch/lcg/views/LCG_102/x86_64-centos7-gcc11-opt/include] ==> [/cvmfs/sft.cern.ch/lcg/views/LCG_102/x86_64-centos7-gcc11-opt/include]
  collapse include dir [/cvmfs/sft.cern.ch/lcg/releases/gcc/11.2.0-8a51a/x86_64-centos7/bin/../lib/gcc/x86_64-pc-linux-gnu/11.2.0/../../../../include/c++/11.2.0] ==> [/cvmfs/sft.cern.ch/lcg/releases/gcc/11.2.0-8a51a/x86_64-centos7/include/c++/11.2.0]
  collapse include dir [/cvmfs/sft.cern.ch/lcg/releases/gcc/11.2.0-8a51a/x86_64-centos7/bin/../lib/gcc/x86_64-pc-linux-gnu/11.2.0/../../../../include/c++/11.2.0/x86_64-pc-linux-gnu] ==> [/cvmfs/sft.cern.ch/lcg/releases/gcc/11.2.0-8a51a/x86_64-centos7/include/c++/11.2.0/x86_64-pc-linux-gnu]
  collapse include dir [/cvmfs/sft.cern.ch/lcg/releases/gcc/11.2.0-8a51a/x86_64-centos7/bin/../lib/gcc/x86_64-pc-linux-gnu/11.2.0/../../../../include/c++/11.2.0/backward] ==> [/cvmfs/sft.cern.ch/lcg/releases/gcc/11.2.0-8a51a/x86_64-centos7/include/c++/11.2.0/backward]
  collapse include dir [/cvmfs/sft.cern.ch/lcg/releases/gcc/11.2.0-8a51a/x86_64-centos7/bin/../lib/gcc/x86_64-pc-linux-gnu/11.2.0/include] ==> [/cvmfs/sft.cern.ch/lcg/releases/gcc/11.2.0-8a51a/x86_64-centos7/lib/gcc/x86_64-pc-linux-gnu/11.2.0/include]
  collapse include dir [/cvmfs/sft.cern.ch/lcg/releases/gcc/11.2.0-8a51a/x86_64-centos7/bin/../lib/gcc/x86_64-pc-linux-gnu/11.2.0/include-fixed] ==> [/cvmfs/sft.cern.ch/lcg/releases/gcc/11.2.0-8a51a/x86_64-centos7/lib/gcc/x86_64-pc-linux-gnu/11.2.0/include-fixed]
  collapse include dir [/usr/local/include] ==> [/usr/local/include]
  collapse include dir [/usr/include] ==> [/usr/include]
  implicit include dirs: [/cvmfs/sft.cern.ch/lcg/releases/gcc/11.2.0-8a51a/x86_64-centos7/include;/cvmfs/sft.cern.ch/lcg/views/LCG_102/x86_64-centos7-gcc11-opt/include;/cvmfs/sft.cern.ch/lcg/releases/gcc/11.2.0-8a51a/x86_64-centos7/include/c++/11.2.0;/cvmfs/sft.cern.ch/lcg/releases/gcc/11.2.0-8a51a/x86_64-centos7/include/c++/11.2.0/x86_64-pc-linux-gnu;/cvmfs/sft.cern.ch/lcg/releases/gcc/11.2.0-8a51a/x86_64-centos7/include/c++/11.2.0/backward;/cvmfs/sft.cern.ch/lcg/releases/gcc/11.2.0-8a51a/x86_64-centos7/lib/gcc/x86_64-pc-linux-gnu/11.2.0/include;/cvmfs/sft.cern.ch/lcg/releases/gcc/11.2.0-8a51a/x86_64-centos7/lib/gcc/x86_64-pc-linux-gnu/11.2.0/include-fixed;/usr/local/include;/usr/include]


Parsed CXX implicit link information from above output:
  link line regex: [^( *|.*[/\])(ld|CMAKE_LINK_STARTFILE-NOTFOUND|([^/\]+-)?ld|collect2)[^/\]*( |$)]
  ignore line: [Change Dir: /home/patoc/work/DPhil1/D0_Mixing_Generator_Studies/for_jairus/D02pipipipi_binning_scheme/build/CMakeFiles/CMakeTmp]
  ignore line: []
  ignore line: [Run Build Command(s):/usr/bin/gmake -f Makefile cmTC_a23aa/fast && /usr/bin/gmake  -f CMakeFiles/cmTC_a23aa.dir/build.make CMakeFiles/cmTC_a23aa.dir/build]
  ignore line: [gmake[1]: Entering directory `/home/patoc/work/DPhil1/D0_Mixing_Generator_Studies/for_jairus/D02pipipipi_binning_scheme/build/CMakeFiles/CMakeTmp']
  ignore line: [Building CXX object CMakeFiles/cmTC_a23aa.dir/CMakeCXXCompilerABI.cpp.o]
  ignore line: [/cvmfs/sft.cern.ch/lcg/releases/gcc/11.2.0-8a51a/x86_64-centos7/bin/g++   -v -o CMakeFiles/cmTC_a23aa.dir/CMakeCXXCompilerABI.cpp.o -c /cvmfs/sft.cern.ch/lcg/releases/CMake/3.20.0-790a8/x86_64-centos7-gcc11-opt/share/cmake-3.20/Modules/CMakeCXXCompilerABI.cpp]
  ignore line: [Using built-in specs.]
  ignore line: [COLLECT_GCC=/cvmfs/sft.cern.ch/lcg/releases/gcc/11.2.0-8a51a/x86_64-centos7/bin/g++]
  ignore line: [Target: x86_64-pc-linux-gnu]
  ignore line: [Configured with: /workspace/build/contrib/gcc-11.2.0/src/gcc/11.2.0/configure --prefix=/workspace/lcgcmake-install/gcc/11.2.0/x86_64-centos7 --disable-nls --with-system-zlib --disable-multilib --enable-languages=all --with-gnu-ld --with-gnu-as --enable-__cxa_atexit --disable-libunwind-exceptions --enable-gnu-unique-object --enable-plugin --with-linker-hash-style=gnu --enable-linker-build-id --enable-libstdcxx-time=rt --enable-shared --disable-libgcj]
  ignore line: [Thread model: posix]
  ignore line: [Supported LTO compression algorithms: zlib]
  ignore line: [gcc version 11.2.0 (GCC) ]
  ignore line: [COLLECT_GCC_OPTIONS='-v' '-o' 'CMakeFiles/cmTC_a23aa.dir/CMakeCXXCompilerABI.cpp.o' '-c' '-shared-libgcc' '-mtune=generic' '-march=x86-64' '-dumpdir' 'CMakeFiles/cmTC_a23aa.dir/']
  ignore line: [ /cvmfs/sft.cern.ch/lcg/releases/gcc/11.2.0-8a51a/x86_64-centos7/bin/../libexec/gcc/x86_64-pc-linux-gnu/11.2.0/cc1plus -quiet -v -iprefix /cvmfs/sft.cern.ch/lcg/releases/gcc/11.2.0-8a51a/x86_64-centos7/bin/../lib/gcc/x86_64-pc-linux-gnu/11.2.0/ -isystem /cvmfs/sft.cern.ch/lcg/releases/gcc/11.2.0-8a51a/x86_64-centos7/include -D_GNU_SOURCE /cvmfs/sft.cern.ch/lcg/releases/CMake/3.20.0-790a8/x86_64-centos7-gcc11-opt/share/cmake-3.20/Modules/CMakeCXXCompilerABI.cpp -quiet -dumpdir CMakeFiles/cmTC_a23aa.dir/ -dumpbase CMakeCXXCompilerABI.cpp.cpp -dumpbase-ext .cpp -mtune=generic -march=x86-64 -version -o /tmp/ccAUFtGG.s]
  ignore line: [GNU C++17 (GCC) version 11.2.0 (x86_64-pc-linux-gnu)]
  ignore line: [	compiled by GNU C version 11.2.0  GMP version 6.1.0  MPFR version 3.1.6  MPC version 1.0.3  isl version isl-0.18-GMP]
  ignore line: []
  ignore line: [GGC heuristics: --param ggc-min-expand=100 --param ggc-min-heapsize=131072]
  ignore line: [ignoring duplicate directory "/cvmfs/sft.cern.ch/lcg/views/LCG_102/x86_64-centos7-gcc11-opt/include"]
  ignore line: [ignoring nonexistent directory "/cvmfs/sft.cern.ch/lcg/releases/gcc/11.2.0-8a51a/x86_64-centos7/bin/../lib/gcc/x86_64-pc-linux-gnu/11.2.0/../../../../x86_64-pc-linux-gnu/include"]
  ignore line: [ignoring duplicate directory "/cvmfs/sft.cern.ch/lcg/releases/gcc/11.2.0-8a51a/x86_64-centos7/bin/../lib/gcc/../../lib/gcc/x86_64-pc-linux-gnu/11.2.0/../../../../include/c++/11.2.0"]
  ignore line: [ignoring duplicate directory "/cvmfs/sft.cern.ch/lcg/releases/gcc/11.2.0-8a51a/x86_64-centos7/bin/../lib/gcc/../../lib/gcc/x86_64-pc-linux-gnu/11.2.0/../../../../include/c++/11.2.0/x86_64-pc-linux-gnu"]
  ignore line: [ignoring duplicate directory "/cvmfs/sft.cern.ch/lcg/releases/gcc/11.2.0-8a51a/x86_64-centos7/bin/../lib/gcc/../../lib/gcc/x86_64-pc-linux-gnu/11.2.0/../../../../include/c++/11.2.0/backward"]
  ignore line: [ignoring duplicate directory "/cvmfs/sft.cern.ch/lcg/releases/gcc/11.2.0-8a51a/x86_64-centos7/bin/../lib/gcc/../../lib/gcc/x86_64-pc-linux-gnu/11.2.0/include"]
  ignore line: [ignoring duplicate directory "/cvmfs/sft.cern.ch/lcg/releases/gcc/11.2.0-8a51a/x86_64-centos7/bin/../lib/gcc/../../include"]
  ignore line: [ignoring duplicate directory "/cvmfs/sft.cern.ch/lcg/releases/gcc/11.2.0-8a51a/x86_64-centos7/bin/../lib/gcc/../../lib/gcc/x86_64-pc-linux-gnu/11.2.0/include-fixed"]
  ignore line: [ignoring nonexistent directory "/cvmfs/sft.cern.ch/lcg/releases/gcc/11.2.0-8a51a/x86_64-centos7/bin/../lib/gcc/../../lib/gcc/x86_64-pc-linux-gnu/11.2.0/../../../../x86_64-pc-linux-gnu/include"]
  ignore line: [#include "..." search starts here:]
  ignore line: [#include <...> search starts here:]
  ignore line: [ /cvmfs/sft.cern.ch/lcg/releases/gcc/11.2.0-8a51a/x86_64-centos7/include]
  ignore line: [ /cvmfs/sft.cern.ch/lcg/views/LCG_102/x86_64-centos7-gcc11-opt/include]
  ignore line: [ /cvmfs/sft.cern.ch/lcg/releases/gcc/11.2.0-8a51a/x86_64-centos7/bin/../lib/gcc/x86_64-pc-linux-gnu/11.2.0/../../../../include/c++/11.2.0]
  ignore line: [ /cvmfs/sft.cern.ch/lcg/releases/gcc/11.2.0-8a51a/x86_64-centos7/bin/../lib/gcc/x86_64-pc-linux-gnu/11.2.0/../../../../include/c++/11.2.0/x86_64-pc-linux-gnu]
  ignore line: [ /cvmfs/sft.cern.ch/lcg/releases/gcc/11.2.0-8a51a/x86_64-centos7/bin/../lib/gcc/x86_64-pc-linux-gnu/11.2.0/../../../../include/c++/11.2.0/backward]
  ignore line: [ /cvmfs/sft.cern.ch/lcg/releases/gcc/11.2.0-8a51a/x86_64-centos7/bin/../lib/gcc/x86_64-pc-linux-gnu/11.2.0/include]
  ignore line: [ /cvmfs/sft.cern.ch/lcg/releases/gcc/11.2.0-8a51a/x86_64-centos7/bin/../lib/gcc/x86_64-pc-linux-gnu/11.2.0/include-fixed]
  ignore line: [ /usr/local/include]
  ignore line: [ /usr/include]
  ignore line: [End of search list.]
  ignore line: [GNU C++17 (GCC) version 11.2.0 (x86_64-pc-linux-gnu)]
  ignore line: [	compiled by GNU C version 11.2.0  GMP version 6.1.0  MPFR version 3.1.6  MPC version 1.0.3  isl version isl-0.18-GMP]
  ignore line: []
  ignore line: [GGC heuristics: --param ggc-min-expand=100 --param ggc-min-heapsize=131072]
  ignore line: [Compiler executable checksum: 4216919822378ec9854dce7e8c6d63c2]
  ignore line: [COLLECT_GCC_OPTIONS='-v' '-o' 'CMakeFiles/cmTC_a23aa.dir/CMakeCXXCompilerABI.cpp.o' '-c' '-shared-libgcc' '-mtune=generic' '-march=x86-64' '-dumpdir' 'CMakeFiles/cmTC_a23aa.dir/']
  ignore line: [ as -v --64 -o CMakeFiles/cmTC_a23aa.dir/CMakeCXXCompilerABI.cpp.o /tmp/ccAUFtGG.s]
  ignore line: [GNU assembler version 2.37 (x86_64-pc-linux-gnu) using BFD version (GNU Binutils) 2.37]
  ignore line: [COMPILER_PATH=/cvmfs/sft.cern.ch/lcg/releases/gcc/11.2.0-8a51a/x86_64-centos7/bin/../libexec/gcc/x86_64-pc-linux-gnu/11.2.0/:/cvmfs/sft.cern.ch/lcg/releases/gcc/11.2.0-8a51a/x86_64-centos7/bin/../libexec/gcc/:/cvmfs/sft.cern.ch/lcg/releases/gcc/11.2.0-8a51a/x86_64-centos7/]
  ignore line: [LIBRARY_PATH=/cvmfs/sft.cern.ch/lcg/releases/gcc/11.2.0-8a51a/x86_64-centos7/bin/../lib/gcc/x86_64-pc-linux-gnu/11.2.0/:/cvmfs/sft.cern.ch/lcg/releases/gcc/11.2.0-8a51a/x86_64-centos7/bin/../lib/gcc/:/cvmfs/sft.cern.ch/lcg/releases/gcc/11.2.0-8a51a/x86_64-centos7/bin/../lib/gcc/x86_64-pc-linux-gnu/11.2.0/../../../../lib64/:/lib/../lib64/:/usr/lib/../lib64/:/cvmfs/sft.cern.ch/lcg/releases/gcc/11.2.0-8a51a/x86_64-centos7/bin/../lib/gcc/x86_64-pc-linux-gnu/11.2.0/../../../:/lib/:/usr/lib/]
  ignore line: [COLLECT_GCC_OPTIONS='-v' '-o' 'CMakeFiles/cmTC_a23aa.dir/CMakeCXXCompilerABI.cpp.o' '-c' '-shared-libgcc' '-mtune=generic' '-march=x86-64' '-dumpdir' 'CMakeFiles/cmTC_a23aa.dir/CMakeCXXCompilerABI.cpp.']
  ignore line: [Linking CXX executable cmTC_a23aa]
  ignore line: [/cvmfs/sft.cern.ch/lcg/releases/CMake/3.20.0-790a8/x86_64-centos7-gcc11-opt/bin/cmake -E cmake_link_script CMakeFiles/cmTC_a23aa.dir/link.txt --verbose=1]
  ignore line: [/cvmfs/sft.cern.ch/lcg/releases/gcc/11.2.0-8a51a/x86_64-centos7/bin/g++  -v CMakeFiles/cmTC_a23aa.dir/CMakeCXXCompilerABI.cpp.o -o cmTC_a23aa ]
  ignore line: [Using built-in specs.]
  ignore line: [COLLECT_GCC=/cvmfs/sft.cern.ch/lcg/releases/gcc/11.2.0-8a51a/x86_64-centos7/bin/g++]
  ignore line: [COLLECT_LTO_WRAPPER=/cvmfs/sft.cern.ch/lcg/releases/gcc/11.2.0-8a51a/x86_64-centos7/bin/../libexec/gcc/x86_64-pc-linux-gnu/11.2.0/lto-wrapper]
  ignore line: [Target: x86_64-pc-linux-gnu]
  ignore line: [Configured with: /workspace/build/contrib/gcc-11.2.0/src/gcc/11.2.0/configure --prefix=/workspace/lcgcmake-install/gcc/11.2.0/x86_64-centos7 --disable-nls --with-system-zlib --disable-multilib --enable-languages=all --with-gnu-ld --with-gnu-as --enable-__cxa_atexit --disable-libunwind-exceptions --enable-gnu-unique-object --enable-plugin --with-linker-hash-style=gnu --enable-linker-build-id --enable-libstdcxx-time=rt --enable-shared --disable-libgcj]
  ignore line: [Thread model: posix]
  ignore line: [Supported LTO compression algorithms: zlib]
  ignore line: [gcc version 11.2.0 (GCC) ]
  ignore line: [COMPILER_PATH=/cvmfs/sft.cern.ch/lcg/releases/gcc/11.2.0-8a51a/x86_64-centos7/bin/../libexec/gcc/x86_64-pc-linux-gnu/11.2.0/:/cvmfs/sft.cern.ch/lcg/releases/gcc/11.2.0-8a51a/x86_64-centos7/bin/../libexec/gcc/:/cvmfs/sft.cern.ch/lcg/releases/gcc/11.2.0-8a51a/x86_64-centos7/]
  ignore line: [LIBRARY_PATH=/cvmfs/sft.cern.ch/lcg/releases/gcc/11.2.0-8a51a/x86_64-centos7/bin/../lib/gcc/x86_64-pc-linux-gnu/11.2.0/:/cvmfs/sft.cern.ch/lcg/releases/gcc/11.2.0-8a51a/x86_64-centos7/bin/../lib/gcc/:/cvmfs/sft.cern.ch/lcg/releases/gcc/11.2.0-8a51a/x86_64-centos7/bin/../lib/gcc/x86_64-pc-linux-gnu/11.2.0/../../../../lib64/:/lib/../lib64/:/usr/lib/../lib64/:/cvmfs/sft.cern.ch/lcg/releases/gcc/11.2.0-8a51a/x86_64-centos7/bin/../lib/gcc/x86_64-pc-linux-gnu/11.2.0/../../../:/lib/:/usr/lib/]
  ignore line: [COLLECT_GCC_OPTIONS='-v' '-o' 'cmTC_a23aa' '-shared-libgcc' '-mtune=generic' '-march=x86-64' '-dumpdir' 'cmTC_a23aa.']
  link line: [ /cvmfs/sft.cern.ch/lcg/releases/gcc/11.2.0-8a51a/x86_64-centos7/bin/../libexec/gcc/x86_64-pc-linux-gnu/11.2.0/collect2 -plugin /cvmfs/sft.cern.ch/lcg/releases/gcc/11.2.0-8a51a/x86_64-centos7/bin/../libexec/gcc/x86_64-pc-linux-gnu/11.2.0/liblto_plugin.so -plugin-opt=/cvmfs/sft.cern.ch/lcg/releases/gcc/11.2.0-8a51a/x86_64-centos7/bin/../libexec/gcc/x86_64-pc-linux-gnu/11.2.0/lto-wrapper -plugin-opt=-fresolution=/tmp/ccVqSrsT.res -plugin-opt=-pass-through=-lgcc_s -plugin-opt=-pass-through=-lgcc -plugin-opt=-pass-through=-lc -plugin-opt=-pass-through=-lgcc_s -plugin-opt=-pass-through=-lgcc --build-id --eh-frame-hdr --hash-style=gnu -m elf_x86_64 -dynamic-linker /lib64/ld-linux-x86-64.so.2 -o cmTC_a23aa /lib/../lib64/crt1.o /lib/../lib64/crti.o /cvmfs/sft.cern.ch/lcg/releases/gcc/11.2.0-8a51a/x86_64-centos7/bin/../lib/gcc/x86_64-pc-linux-gnu/11.2.0/crtbegin.o -L/cvmfs/sft.cern.ch/lcg/releases/gcc/11.2.0-8a51a/x86_64-centos7/bin/../lib/gcc/x86_64-pc-linux-gnu/11.2.0 -L/cvmfs/sft.cern.ch/lcg/releases/gcc/11.2.0-8a51a/x86_64-centos7/bin/../lib/gcc -L/cvmfs/sft.cern.ch/lcg/releases/gcc/11.2.0-8a51a/x86_64-centos7/bin/../lib/gcc/x86_64-pc-linux-gnu/11.2.0/../../../../lib64 -L/lib/../lib64 -L/usr/lib/../lib64 -L/cvmfs/sft.cern.ch/lcg/releases/gcc/11.2.0-8a51a/x86_64-centos7/bin/../lib/gcc/x86_64-pc-linux-gnu/11.2.0/../../.. CMakeFiles/cmTC_a23aa.dir/CMakeCXXCompilerABI.cpp.o -lstdc++ -lm -lgcc_s -lgcc -lc -lgcc_s -lgcc /cvmfs/sft.cern.ch/lcg/releases/gcc/11.2.0-8a51a/x86_64-centos7/bin/../lib/gcc/x86_64-pc-linux-gnu/11.2.0/crtend.o /lib/../lib64/crtn.o]
    arg [/cvmfs/sft.cern.ch/lcg/releases/gcc/11.2.0-8a51a/x86_64-centos7/bin/../libexec/gcc/x86_64-pc-linux-gnu/11.2.0/collect2] ==> ignore
    arg [-plugin] ==> ignore
    arg [/cvmfs/sft.cern.ch/lcg/releases/gcc/11.2.0-8a51a/x86_64-centos7/bin/../libexec/gcc/x86_64-pc-linux-gnu/11.2.0/liblto_plugin.so] ==> ignore
    arg [-plugin-opt=/cvmfs/sft.cern.ch/lcg/releases/gcc/11.2.0-8a51a/x86_64-centos7/bin/../libexec/gcc/x86_64-pc-linux-gnu/11.2.0/lto-wrapper] ==> ignore
    arg [-plugin-opt=-fresolution=/tmp/ccVqSrsT.res] ==> ignore
    arg [-plugin-opt=-pass-through=-lgcc_s] ==> ignore
    arg [-plugin-opt=-pass-through=-lgcc] ==> ignore
    arg [-plugin-opt=-pass-through=-lc] ==> ignore
    arg [-plugin-opt=-pass-through=-lgcc_s] ==> ignore
    arg [-plugin-opt=-pass-through=-lgcc] ==> ignore
    arg [--build-id] ==> ignore
    arg [--eh-frame-hdr] ==> ignore
    arg [--hash-style=gnu] ==> ignore
    arg [-m] ==> ignore
    arg [elf_x86_64] ==> ignore
    arg [-dynamic-linker] ==> ignore
    arg [/lib64/ld-linux-x86-64.so.2] ==> ignore
    arg [-o] ==> ignore
    arg [cmTC_a23aa] ==> ignore
    arg [/lib/../lib64/crt1.o] ==> ignore
    arg [/lib/../lib64/crti.o] ==> ignore
    arg [/cvmfs/sft.cern.ch/lcg/releases/gcc/11.2.0-8a51a/x86_64-centos7/bin/../lib/gcc/x86_64-pc-linux-gnu/11.2.0/crtbegin.o] ==> ignore
    arg [-L/cvmfs/sft.cern.ch/lcg/releases/gcc/11.2.0-8a51a/x86_64-centos7/bin/../lib/gcc/x86_64-pc-linux-gnu/11.2.0] ==> dir [/cvmfs/sft.cern.ch/lcg/releases/gcc/11.2.0-8a51a/x86_64-centos7/bin/../lib/gcc/x86_64-pc-linux-gnu/11.2.0]
    arg [-L/cvmfs/sft.cern.ch/lcg/releases/gcc/11.2.0-8a51a/x86_64-centos7/bin/../lib/gcc] ==> dir [/cvmfs/sft.cern.ch/lcg/releases/gcc/11.2.0-8a51a/x86_64-centos7/bin/../lib/gcc]
    arg [-L/cvmfs/sft.cern.ch/lcg/releases/gcc/11.2.0-8a51a/x86_64-centos7/bin/../lib/gcc/x86_64-pc-linux-gnu/11.2.0/../../../../lib64] ==> dir [/cvmfs/sft.cern.ch/lcg/releases/gcc/11.2.0-8a51a/x86_64-centos7/bin/../lib/gcc/x86_64-pc-linux-gnu/11.2.0/../../../../lib64]
    arg [-L/lib/../lib64] ==> dir [/lib/../lib64]
    arg [-L/usr/lib/../lib64] ==> dir [/usr/lib/../lib64]
    arg [-L/cvmfs/sft.cern.ch/lcg/releases/gcc/11.2.0-8a51a/x86_64-centos7/bin/../lib/gcc/x86_64-pc-linux-gnu/11.2.0/../../..] ==> dir [/cvmfs/sft.cern.ch/lcg/releases/gcc/11.2.0-8a51a/x86_64-centos7/bin/../lib/gcc/x86_64-pc-linux-gnu/11.2.0/../../..]
    arg [CMakeFiles/cmTC_a23aa.dir/CMakeCXXCompilerABI.cpp.o] ==> ignore
    arg [-lstdc++] ==> lib [stdc++]
    arg [-lm] ==> lib [m]
    arg [-lgcc_s] ==> lib [gcc_s]
    arg [-lgcc] ==> lib [gcc]
    arg [-lc] ==> lib [c]
    arg [-lgcc_s] ==> lib [gcc_s]
    arg [-lgcc] ==> lib [gcc]
    arg [/cvmfs/sft.cern.ch/lcg/releases/gcc/11.2.0-8a51a/x86_64-centos7/bin/../lib/gcc/x86_64-pc-linux-gnu/11.2.0/crtend.o] ==> ignore
    arg [/lib/../lib64/crtn.o] ==> ignore
  collapse library dir [/cvmfs/sft.cern.ch/lcg/releases/gcc/11.2.0-8a51a/x86_64-centos7/bin/../lib/gcc/x86_64-pc-linux-gnu/11.2.0] ==> [/cvmfs/sft.cern.ch/lcg/releases/gcc/11.2.0-8a51a/x86_64-centos7/lib/gcc/x86_64-pc-linux-gnu/11.2.0]
  collapse library dir [/cvmfs/sft.cern.ch/lcg/releases/gcc/11.2.0-8a51a/x86_64-centos7/bin/../lib/gcc] ==> [/cvmfs/sft.cern.ch/lcg/releases/gcc/11.2.0-8a51a/x86_64-centos7/lib/gcc]
  collapse library dir [/cvmfs/sft.cern.ch/lcg/releases/gcc/11.2.0-8a51a/x86_64-centos7/bin/../lib/gcc/x86_64-pc-linux-gnu/11.2.0/../../../../lib64] ==> [/cvmfs/sft.cern.ch/lcg/releases/gcc/11.2.0-8a51a/x86_64-centos7/lib64]
  collapse library dir [/lib/../lib64] ==> [/lib64]
  collapse library dir [/usr/lib/../lib64] ==> [/usr/lib64]
  collapse library dir [/cvmfs/sft.cern.ch/lcg/releases/gcc/11.2.0-8a51a/x86_64-centos7/bin/../lib/gcc/x86_64-pc-linux-gnu/11.2.0/../../..] ==> [/cvmfs/sft.cern.ch/lcg/releases/gcc/11.2.0-8a51a/x86_64-centos7/lib]
  implicit libs: [stdc++;m;gcc_s;gcc;c;gcc_s;gcc]
  implicit dirs: [/cvmfs/sft.cern.ch/lcg/releases/gcc/11.2.0-8a51a/x86_64-centos7/lib/gcc/x86_64-pc-linux-gnu/11.2.0;/cvmfs/sft.cern.ch/lcg/releases/gcc/11.2.0-8a51a/x86_64-centos7/lib/gcc;/cvmfs/sft.cern.ch/lcg/releases/gcc/11.2.0-8a51a/x86_64-centos7/lib64;/lib64;/usr/lib64;/cvmfs/sft.cern.ch/lcg/releases/gcc/11.2.0-8a51a/x86_64-centos7/lib]
  implicit fwks: []


